<?xml version="1.0" encoding="UTF-8"?>
<!-- Generated by org.testng.reporters.JUnitReportReporter -->
<testsuite hostname="NUV-5CG1152V3W" failures="1" tests="5" name="ShoppingTests.LAMBDA_TESTS_HomePage" time="9.582" errors="0" timestamp="2023-01-22T01:42:48 EET" skipped="0">
  <testcase classname="ShoppingTests.LAMBDA_TESTS_HomePage" name="t3_search_ProductInTheSearchFieldAndVerifyResults" time="2.025"/>
  <system-out>
    <![CDATA[Starting test method:t3_search_ProductInTheSearchFieldAndVerifyResults
Successfully opened url 'https://ecommerce-playground.lambdatest.io/index.php?route=common/home'
 Enter value : Palm Treo Pro
t3_search_ProductInTheSearchFieldAndVerifyResults is Passed]]>
  </system-out>
  <testcase classname="ShoppingTests.LAMBDA_TESTS_HomePage" name="t1_verifyLambdaTest_HomePageElements" time="2.284">
    <failure message="expected [Web Cameras] but found [Web Camera]" type="java.lang.AssertionError">
      <![CDATA[java.lang.AssertionError: expected [Web Cameras] but found [Web Camera]
at org.testng.Assert.fail(Assert.java:99)
at org.testng.Assert.failNotEquals(Assert.java:1037)
at org.testng.Assert.assertEqualsImpl(Assert.java:140)
at org.testng.Assert.assertEquals(Assert.java:122)
at org.testng.Assert.assertEquals(Assert.java:629)
at org.testng.Assert.assertEquals(Assert.java:639)
at ShoppingTests.LAMBDA_TESTS_HomePage.t1_verifyLambdaTest_HomePageElements(LAMBDA_TESTS_HomePage.java:44)
at java.base/jdk.internal.reflect.DirectMethodHandleAccessor.invoke(DirectMethodHandleAccessor.java:104)
at java.base/java.lang.reflect.Method.invoke(Method.java:578)
at org.testng.internal.MethodInvocationHelper.invokeMethod(MethodInvocationHelper.java:133)
at org.testng.internal.TestInvoker.invokeMethod(TestInvoker.java:598)
at org.testng.internal.TestInvoker.invokeTestMethod(TestInvoker.java:173)
at org.testng.internal.MethodRunner.runInSequence(MethodRunner.java:46)
at org.testng.internal.TestInvoker$MethodInvocationAgent.invoke(TestInvoker.java:824)
at org.testng.internal.TestInvoker.invokeTestMethods(TestInvoker.java:146)
at org.testng.internal.TestMethodWorker.invokeTestMethods(TestMethodWorker.java:146)
at org.testng.internal.TestMethodWorker.run(TestMethodWorker.java:128)
at java.base/java.util.ArrayList.forEach(ArrayList.java:1511)
at org.testng.TestRunner.privateRun(TestRunner.java:794)
at org.testng.TestRunner.run(TestRunner.java:596)
at org.testng.SuiteRunner.runTest(SuiteRunner.java:377)
at org.testng.SuiteRunner.runSequentially(SuiteRunner.java:371)
at org.testng.SuiteRunner.privateRun(SuiteRunner.java:332)
at org.testng.SuiteRunner.run(SuiteRunner.java:276)
at org.testng.SuiteRunnerWorker.runSuite(SuiteRunnerWorker.java:53)
at org.testng.SuiteRunnerWorker.run(SuiteRunnerWorker.java:96)
at org.testng.TestNG.runSuitesSequentially(TestNG.java:1212)
at org.testng.TestNG.runSuitesLocally(TestNG.java:1134)
at org.testng.TestNG.runSuites(TestNG.java:1063)
at org.testng.TestNG.run(TestNG.java:1031)
at org.testng.remote.AbstractRemoteTestNG.run(AbstractRemoteTestNG.java:115)
at org.testng.remote.RemoteTestNG.initAndRun(RemoteTestNG.java:251)
at org.testng.remote.RemoteTestNG.main(RemoteTestNG.java:77)
]]>
    </failure>
  </testcase> <!-- t1_verifyLambdaTest_HomePageElements -->
  <system-out>
    <![CDATA[Starting test method:t1_verifyLambdaTest_HomePageElements
Successfully opened url 'https://ecommerce-playground.lambdatest.io/index.php?route=common/home'
t1_verifyLambdaTest_HomePageElements is Failed
Click to see Screenshot
<a href=C:\Users\PlamenTanev\eclipse-workspace\Shopping\screenshots\Sun_Jan_22_01_42_25_EET_2023.png></a>
<br>  <img src='C:\Users\PlamenTanev\eclipse-workspace\Shopping\screenshots\Sun_Jan_22_01_42_25_EET_2023.png' height='200' width='200' /><br>
<a target="_blank" href=C:\Users\PlamenTanev\eclipse-workspace\Shopping\screenshots\Sun_Jan_22_01_42_25_EET_2023.png>Screenshot</a>
<a href=C:\Users\PlamenTanev\eclipse-workspace\Shopping\screenshots\Sun_Jan_22_01_42_25_EET_2023.png></a>
<br>  <img src='C:\Users\PlamenTanev\eclipse-workspace\Shopping\screenshots\Sun_Jan_22_01_42_25_EET_2023.png' height='200' width='200' /><br>]]>
  </system-out>
  <testcase classname="ShoppingTests.LAMBDA_TESTS_HomePage" name="t2_SearchField_verifyAutoSuggestResults" time="1.439"/>
  <system-out>
    <![CDATA[Starting test method:t2_SearchField_verifyAutoSuggestResults
Successfully opened url 'https://ecommerce-playground.lambdatest.io/index.php?route=common/home'
 Enter value : Palm Treo Pro
t2_SearchField_verifyAutoSuggestResults is Passed]]>
  </system-out>
  <testcase classname="ShoppingTests.LAMBDA_TESTS_HomePage" name="t3_search_ProductInTheSearchFieldAndVerifyResults" time="2.292"/>
  <system-out>
    <![CDATA[Starting test method:t3_search_ProductInTheSearchFieldAndVerifyResults
Successfully opened url 'https://ecommerce-playground.lambdatest.io/index.php?route=common/home'
 Enter value : HTC Touch HD
t3_search_ProductInTheSearchFieldAndVerifyResults is Passed]]>
  </system-out>
  <testcase classname="ShoppingTests.LAMBDA_TESTS_HomePage" name="t2_SearchField_verifyAutoSuggestResults" time="1.542"/>
  <system-out>
    <![CDATA[Starting test method:t2_SearchField_verifyAutoSuggestResults
Successfully opened url 'https://ecommerce-playground.lambdatest.io/index.php?route=common/home'
 Enter value : HTC Touch HD
t2_SearchField_verifyAutoSuggestResults is Passed]]>
  </system-out>
</testsuite> <!-- ShoppingTests.LAMBDA_TESTS_HomePage -->
